# JRE version: OpenJDK Runtime Environment (8.0_152-b01) (build 1.8.0_152-release-1248-b01)
# Java VM: OpenJDK 64-Bit Server VM (25.152-b01 mixed mode windows-amd64 compressed oops)
Heap:
 PSYoungGen      total 414208K, used 335530K [0x00000000e0000000, 0x00000000fbe80000, 0x0000000100000000)
  eden space 378368K, 88% used [0x00000000e0000000,0x00000000f47aaa58,0x00000000f7180000)
  from space 35840K, 0% used [0x00000000f9b80000,0x00000000f9b80000,0x00000000fbe80000)
  to   space 39424K, 0% used [0x00000000f7180000,0x00000000f7180000,0x00000000f9800000)
 ParOldGen       total 272384K, used 87193K [0x00000000a0000000, 0x00000000b0a00000, 0x00000000e0000000)
  object space 272384K, 32% used [0x00000000a0000000,0x00000000a5526610,0x00000000b0a00000)
 Metaspace       used 88667K, capacity 91842K, committed 92080K, reserved 1130496K
  class space    used 11217K, capacity 11887K, committed 11952K, reserved 1048576K
GC Heap History (10 events):
Event: 135.630 GC heap before
{Heap before GC invocations=32 (full 3):
 PSYoungGen      total 340992K, used 304112K [0x00000000e0000000, 0x00000000f7800000, 0x0000000100000000)
  eden space 302080K, 100% used [0x00000000e0000000,0x00000000f2700000,0x00000000f2700000)
  from space 38912K, 5% used [0x00000000f5200000,0x00000000f53fc010,0x00000000f7800000)
  to   space 41472K, 0% used [0x00000000f2700000,0x00000000f2700000,0x00000000f4f80000)
 ParOldGen       total 165888K, used 92859K [0x00000000a0000000, 0x00000000aa200000, 0x00000000e0000000)
  object space 165888K, 55% used [0x00000000a0000000,0x00000000a5aaedc0,0x00000000aa200000)
 Metaspace       used 80072K, capacity 82606K, committed 82864K, reserved 1122304K
  class space    used 10285K, capacity 10831K, committed 10928K, reserved 1048576K
Event: 135.653 GC heap after
Heap after GC invocations=32 (full 3):
 PSYoungGen      total 343552K, used 9738K [0x00000000e0000000, 0x00000000fa080000, 0x0000000100000000)
  eden space 302080K, 0% used [0x00000000e0000000,0x00000000e0000000,0x00000000f2700000)
  from space 41472K, 23% used [0x00000000f2700000,0x00000000f30829c0,0x00000000f4f80000)
  to   space 39424K, 0% used [0x00000000f7a00000,0x00000000f7a00000,0x00000000fa080000)
 ParOldGen       total 165888K, used 93371K [0x00000000a0000000, 0x00000000aa200000, 0x00000000e0000000)
  object space 165888K, 56% used [0x00000000a0000000,0x00000000a5b2efd0,0x00000000aa200000)
 Metaspace       used 80072K, capacity 82606K, committed 82864K, reserved 1122304K
  class space    used 10285K, capacity 10831K, committed 10928K, reserved 1048576K
}
Event: 138.747 GC heap before
{Heap before GC invocations=33 (full 3):
 PSYoungGen      total 343552K, used 311818K [0x00000000e0000000, 0x00000000fa080000, 0x0000000100000000)
  eden space 302080K, 100% used [0x00000000e0000000,0x00000000f2700000,0x00000000f2700000)
  from space 41472K, 23% used [0x00000000f2700000,0x00000000f30829c0,0x00000000f4f80000)
  to   space 39424K, 0% used [0x00000000f7a00000,0x00000000f7a00000,0x00000000fa080000)
 ParOldGen       total 165888K, used 93371K [0x00000000a0000000, 0x00000000aa200000, 0x00000000e0000000)
  object space 165888K, 56% used [0x00000000a0000000,0x00000000a5b2efd0,0x00000000aa200000)
 Metaspace       used 80077K, capacity 82606K, committed 82864K, reserved 1122304K
  class space    used 10285K, capacity 10831K, committed 10928K, reserved 1048576K
Event: 138.770 GC heap after
Heap after GC invocations=33 (full 3):
 PSYoungGen      total 378880K, used 1728K [0x00000000e0000000, 0x00000000f9c80000, 0x0000000100000000)
  eden space 343552K, 0% used [0x00000000e0000000,0x00000000e0000000,0x00000000f4f80000)
  from space 35328K, 4% used [0x00000000f7a00000,0x00000000f7bb0010,0x00000000f9c80000)
  to   space 39424K, 0% used [0x00000000f4f80000,0x00000000f4f80000,0x00000000f7600000)
 ParOldGen       total 165888K, used 97967K [0x00000000a0000000, 0x00000000aa200000, 0x00000000e0000000)
  object space 165888K, 59% used [0x00000000a0000000,0x00000000a5fabe70,0x00000000aa200000)
 Metaspace       used 80077K, capacity 82606K, committed 82864K, reserved 1122304K
  class space    used 10285K, capacity 10831K, committed 10928K, reserved 1048576K
}
Event: 145.729 GC heap before
{Heap before GC invocations=34 (full 3):
 PSYoungGen      total 378880K, used 345280K [0x00000000e0000000, 0x00000000f9c80000, 0x0000000100000000)
  eden space 343552K, 100% used [0x00000000e0000000,0x00000000f4f80000,0x00000000f4f80000)
  from space 35328K, 4% used [0x00000000f7a00000,0x00000000f7bb0010,0x00000000f9c80000)
  to   space 39424K, 0% used [0x00000000f4f80000,0x00000000f4f80000,0x00000000f7600000)
 ParOldGen       total 165888K, used 97967K [0x00000000a0000000, 0x00000000aa200000, 0x00000000e0000000)
  object space 165888K, 59% used [0x00000000a0000000,0x00000000a5fabe70,0x00000000aa200000)
 Metaspace       used 81139K, capacity 83772K, committed 84016K, reserved 1122304K
  class space    used 10392K, capacity 11000K, committed 11056K, reserved 1048576K
Event: 145.748 GC heap after
Heap after GC invocations=34 (full 3):
 PSYoungGen      total 382976K, used 12218K [0x00000000e0000000, 0x00000000fbf80000, 0x0000000100000000)
  eden space 343552K, 0% used [0x00000000e0000000,0x00000000e0000000,0x00000000f4f80000)
  from space 39424K, 30% used [0x00000000f4f80000,0x00000000f5b6eac0,0x00000000f7600000)
  to   space 36864K, 0% used [0x00000000f9b80000,0x00000000f9b80000,0x00000000fbf80000)
 ParOldGen       total 165888K, used 97975K [0x00000000a0000000, 0x00000000aa200000, 0x00000000e0000000)
  object space 165888K, 59% used [0x00000000a0000000,0x00000000a5fade70,0x00000000aa200000)
 Metaspace       used 81139K, capacity 83772K, committed 84016K, reserved 1122304K
  class space    used 10392K, capacity 11000K, committed 11056K, reserved 1048576K
}
Event: 179.673 GC heap before
{Heap before GC invocations=35 (full 3):
 PSYoungGen      total 382976K, used 355388K [0x00000000e0000000, 0x00000000fbf80000, 0x0000000100000000)
  eden space 343552K, 99% used [0x00000000e0000000,0x00000000f4f206e8,0x00000000f4f80000)
  from space 39424K, 30% used [0x00000000f4f80000,0x00000000f5b6eac0,0x00000000f7600000)
  to   space 36864K, 0% used [0x00000000f9b80000,0x00000000f9b80000,0x00000000fbf80000)
 ParOldGen       total 165888K, used 106167K [0x00000000a0000000, 0x00000000aa200000, 0x00000000e0000000)
  object space 165888K, 63% used [0x00000000a0000000,0x00000000a67ade80,0x00000000aa200000)
 Metaspace       used 83413K, capacity 86476K, committed 86704K, reserved 1124352K
  class space    used 10705K, capacity 11356K, committed 11440K, reserved 1048576K
Event: 179.718 GC heap after
Heap after GC invocations=35 (full 3):
 PSYoungGen      total 414208K, used 26686K [0x00000000e0000000, 0x00000000fbe80000, 0x0000000100000000)
  eden space 378368K, 0% used [0x00000000e0000000,0x00000000e0000000,0x00000000f7180000)
  from space 35840K, 74% used [0x00000000f9b80000,0x00000000fb58f998,0x00000000fbe80000)
  to   space 39424K, 0% used [0x00000000f7180000,0x00000000f7180000,0x00000000f9800000)
 ParOldGen       total 165888K, used 106175K [0x00000000a0000000, 0x00000000aa200000, 0x00000000e0000000)
  object space 165888K, 64% used [0x00000000a0000000,0x00000000a67afe80,0x00000000aa200000)
 Metaspace       used 83413K, capacity 86476K, committed 86704K, reserved 1124352K
  class space    used 10705K, capacity 11356K, committed 11440K, reserved 1048576K
}
Event: 181.402 GC heap before
{Heap before GC invocations=36 (full 4):
 PSYoungGen      total 414208K, used 404642K [0x00000000e0000000, 0x00000000fbe80000, 0x0000000100000000)
  eden space 378368K, 99% used [0x00000000e0000000,0x00000000f7119008,0x00000000f7180000)
  from space 35840K, 74% used [0x00000000f9b80000,0x00000000fb58f998,0x00000000fbe80000)
  to   space 39424K, 0% used [0x00000000f7180000,0x00000000f7180000,0x00000000f9800000)
 ParOldGen       total 172032K, used 170688K [0x00000000a0000000, 0x00000000aa800000, 0x00000000e0000000)
  object space 172032K, 99% used [0x00000000a0000000,0x00000000aa6b0270,0x00000000aa800000)
 Metaspace       used 83622K, capacity 86662K, committed 86960K, reserved 1124352K
  class space    used 10735K, capacity 11393K, committed 11440K, reserved 1048576K
Event: 181.714 GC heap after
Heap after GC invocations=36 (full 4):
 PSYoungGen      total 414208K, used 0K [0x00000000e0000000, 0x00000000fbe80000, 0x0000000100000000)
  eden space 378368K, 0% used [0x00000000e0000000,0x00000000e0000000,0x00000000f7180000)
  from space 35840K, 0% used [0x00000000f9b80000,0x00000000f9b80000,0x00000000fbe80000)
  to   space 39424K, 0% used [0x00000000f7180000,0x00000000f7180000,0x00000000f9800000)
 ParOldGen       total 272384K, used 87193K [0x00000000a0000000, 0x00000000b0a00000, 0x00000000e0000000)
  object space 272384K, 32% used [0x00000000a0000000,0x00000000a5526610,0x00000000b0a00000)
 Metaspace       used 83494K, capacity 86320K, committed 86960K, reserved 1124352K
  class space    used 10691K, capacity 11316K, committed 11440K, reserved 1048576K
}

