# JRE version: OpenJDK Runtime Environment (8.0_152-b01) (build 1.8.0_152-release-1248-b01)
# Java VM: OpenJDK 64-Bit Server VM (25.152-b01 mixed mode windows-amd64 compressed oops)
Heap:
 PSYoungGen      total 140288K, used 13283K [0x00000000e0000000, 0x00000000e9f00000, 0x0000000100000000)
  eden space 126976K, 0% used [0x00000000e0000000,0x00000000e0000000,0x00000000e7c00000)
  from space 13312K, 99% used [0x00000000e8b00000,0x00000000e97f8c80,0x00000000e9800000)
  to   space 15360K, 0% used [0x00000000e7c00000,0x00000000e7c00000,0x00000000e8b00000)
 ParOldGen       total 96768K, used 25670K [0x00000000a0000000, 0x00000000a5e80000, 0x00000000e0000000)
  object space 96768K, 26% used [0x00000000a0000000,0x00000000a1911868,0x00000000a5e80000)
 Metaspace       used 57591K, capacity 59028K, committed 59160K, reserved 1099776K
  class space    used 7867K, capacity 8264K, committed 8368K, reserved 1048576K
GC Heap History (10 events):
Event: 14.769 GC heap after
Heap after GC invocations=10 (full 1):
 PSYoungGen      total 91648K, used 7583K [0x00000000e0000000, 0x00000000e8080000, 0x0000000100000000)
  eden space 80384K, 0% used [0x00000000e0000000,0x00000000e0000000,0x00000000e4e80000)
  from space 11264K, 67% used [0x00000000e4e80000,0x00000000e55e7ea8,0x00000000e5980000)
  to   space 11264K, 0% used [0x00000000e7580000,0x00000000e7580000,0x00000000e8080000)
 ParOldGen       total 63488K, used 11396K [0x00000000a0000000, 0x00000000a3e00000, 0x00000000e0000000)
  object space 63488K, 17% used [0x00000000a0000000,0x00000000a0b211f0,0x00000000a3e00000)
 Metaspace       used 34645K, capacity 35350K, committed 35496K, reserved 1079296K
  class space    used 4828K, capacity 5093K, committed 5168K, reserved 1048576K
}
Event: 14.770 GC heap before
{Heap before GC invocations=11 (full 2):
 PSYoungGen      total 91648K, used 7583K [0x00000000e0000000, 0x00000000e8080000, 0x0000000100000000)
  eden space 80384K, 0% used [0x00000000e0000000,0x00000000e0000000,0x00000000e4e80000)
  from space 11264K, 67% used [0x00000000e4e80000,0x00000000e55e7ea8,0x00000000e5980000)
  to   space 11264K, 0% used [0x00000000e7580000,0x00000000e7580000,0x00000000e8080000)
 ParOldGen       total 63488K, used 11396K [0x00000000a0000000, 0x00000000a3e00000, 0x00000000e0000000)
  object space 63488K, 17% used [0x00000000a0000000,0x00000000a0b211f0,0x00000000a3e00000)
 Metaspace       used 34645K, capacity 35350K, committed 35496K, reserved 1079296K
  class space    used 4828K, capacity 5093K, committed 5168K, reserved 1048576K
Event: 14.887 GC heap after
Heap after GC invocations=11 (full 2):
 PSYoungGen      total 91648K, used 0K [0x00000000e0000000, 0x00000000e8080000, 0x0000000100000000)
  eden space 80384K, 0% used [0x00000000e0000000,0x00000000e0000000,0x00000000e4e80000)
  from space 11264K, 0% used [0x00000000e4e80000,0x00000000e4e80000,0x00000000e5980000)
  to   space 11264K, 0% used [0x00000000e7580000,0x00000000e7580000,0x00000000e8080000)
 ParOldGen       total 96768K, used 16148K [0x00000000a0000000, 0x00000000a5e80000, 0x00000000e0000000)
  object space 96768K, 16% used [0x00000000a0000000,0x00000000a0fc5198,0x00000000a5e80000)
 Metaspace       used 34645K, capacity 35350K, committed 35496K, reserved 1079296K
  class space    used 4828K, capacity 5093K, committed 5168K, reserved 1048576K
}
Event: 16.725 GC heap before
{Heap before GC invocations=12 (full 2):
 PSYoungGen      total 91648K, used 80384K [0x00000000e0000000, 0x00000000e8080000, 0x0000000100000000)
  eden space 80384K, 100% used [0x00000000e0000000,0x00000000e4e80000,0x00000000e4e80000)
  from space 11264K, 0% used [0x00000000e4e80000,0x00000000e4e80000,0x00000000e5980000)
  to   space 11264K, 0% used [0x00000000e7580000,0x00000000e7580000,0x00000000e8080000)
 ParOldGen       total 96768K, used 16148K [0x00000000a0000000, 0x00000000a5e80000, 0x00000000e0000000)
  object space 96768K, 16% used [0x00000000a0000000,0x00000000a0fc5198,0x00000000a5e80000)
 Metaspace       used 42146K, capacity 42952K, committed 43184K, reserved 1087488K
  class space    used 5706K, capacity 6014K, committed 6064K, reserved 1048576K
Event: 16.754 GC heap after
Heap after GC invocations=12 (full 2):
 PSYoungGen      total 113664K, used 11252K [0x00000000e0000000, 0x00000000e8080000, 0x0000000100000000)
  eden space 102400K, 0% used [0x00000000e0000000,0x00000000e0000000,0x00000000e6400000)
  from space 11264K, 99% used [0x00000000e7580000,0x00000000e807d148,0x00000000e8080000)
  to   space 12800K, 0% used [0x00000000e6780000,0x00000000e6780000,0x00000000e7400000)
 ParOldGen       total 96768K, used 17648K [0x00000000a0000000, 0x00000000a5e80000, 0x00000000e0000000)
  object space 96768K, 18% used [0x00000000a0000000,0x00000000a113c070,0x00000000a5e80000)
 Metaspace       used 42146K, capacity 42952K, committed 43184K, reserved 1087488K
  class space    used 5706K, capacity 6014K, committed 6064K, reserved 1048576K
}
Event: 18.599 GC heap before
{Heap before GC invocations=13 (full 2):
 PSYoungGen      total 113664K, used 113652K [0x00000000e0000000, 0x00000000e8080000, 0x0000000100000000)
  eden space 102400K, 100% used [0x00000000e0000000,0x00000000e6400000,0x00000000e6400000)
  from space 11264K, 99% used [0x00000000e7580000,0x00000000e807d148,0x00000000e8080000)
  to   space 12800K, 0% used [0x00000000e6780000,0x00000000e6780000,0x00000000e7400000)
 ParOldGen       total 96768K, used 17648K [0x00000000a0000000, 0x00000000a5e80000, 0x00000000e0000000)
  object space 96768K, 18% used [0x00000000a0000000,0x00000000a113c070,0x00000000a5e80000)
 Metaspace       used 50953K, capacity 52098K, committed 52400K, reserved 1093632K
  class space    used 6875K, capacity 7237K, committed 7344K, reserved 1048576K
Event: 18.621 GC heap after
Heap after GC invocations=13 (full 2):
 PSYoungGen      total 118784K, used 9454K [0x00000000e0000000, 0x00000000e9800000, 0x0000000100000000)
  eden space 105984K, 0% used [0x00000000e0000000,0x00000000e0000000,0x00000000e6780000)
  from space 12800K, 73% used [0x00000000e6780000,0x00000000e70bb928,0x00000000e7400000)
  to   space 13312K, 0% used [0x00000000e8b00000,0x00000000e8b00000,0x00000000e9800000)
 ParOldGen       total 96768K, used 24584K [0x00000000a0000000, 0x00000000a5e80000, 0x00000000e0000000)
  object space 96768K, 25% used [0x00000000a0000000,0x00000000a1802238,0x00000000a5e80000)
 Metaspace       used 50953K, capacity 52098K, committed 52400K, reserved 1093632K
  class space    used 6875K, capacity 7237K, committed 7344K, reserved 1048576K
}
Event: 23.187 GC heap before
{Heap before GC invocations=14 (full 2):
 PSYoungGen      total 118784K, used 106262K [0x00000000e0000000, 0x00000000e9800000, 0x0000000100000000)
  eden space 105984K, 91% used [0x00000000e0000000,0x00000000e5e8a170,0x00000000e6780000)
  from space 12800K, 73% used [0x00000000e6780000,0x00000000e70bb928,0x00000000e7400000)
  to   space 13312K, 0% used [0x00000000e8b00000,0x00000000e8b00000,0x00000000e9800000)
 ParOldGen       total 96768K, used 24584K [0x00000000a0000000, 0x00000000a5e80000, 0x00000000e0000000)
  object space 96768K, 25% used [0x00000000a0000000,0x00000000a1802238,0x00000000a5e80000)
 Metaspace       used 57591K, capacity 59028K, committed 59160K, reserved 1099776K
  class space    used 7867K, capacity 8264K, committed 8368K, reserved 1048576K
Event: 23.229 GC heap after
Heap after GC invocations=14 (full 2):
 PSYoungGen      total 140288K, used 13283K [0x00000000e0000000, 0x00000000e9f00000, 0x0000000100000000)
  eden space 126976K, 0% used [0x00000000e0000000,0x00000000e0000000,0x00000000e7c00000)
  from space 13312K, 99% used [0x00000000e8b00000,0x00000000e97f8c80,0x00000000e9800000)
  to   space 15360K, 0% used [0x00000000e7c00000,0x00000000e7c00000,0x00000000e8b00000)
 ParOldGen       total 96768K, used 25670K [0x00000000a0000000, 0x00000000a5e80000, 0x00000000e0000000)
  object space 96768K, 26% used [0x00000000a0000000,0x00000000a1911868,0x00000000a5e80000)
 Metaspace       used 57591K, capacity 59028K, committed 59160K, reserved 1099776K
  class space    used 7867K, capacity 8264K, committed 8368K, reserved 1048576K
}
Event: 23.229 GC heap before
{Heap before GC invocations=15 (full 3):
 PSYoungGen      total 140288K, used 13283K [0x00000000e0000000, 0x00000000e9f00000, 0x0000000100000000)
  eden space 126976K, 0% used [0x00000000e0000000,0x00000000e0000000,0x00000000e7c00000)
  from space 13312K, 99% used [0x00000000e8b00000,0x00000000e97f8c80,0x00000000e9800000)
  to   space 15360K, 0% used [0x00000000e7c00000,0x00000000e7c00000,0x00000000e8b00000)
 ParOldGen       total 96768K, used 25670K [0x00000000a0000000, 0x00000000a5e80000, 0x00000000e0000000)
  object space 96768K, 26% used [0x00000000a0000000,0x00000000a1911868,0x00000000a5e80000)
 Metaspace       used 57591K, capacity 59028K, committed 59160K, reserved 1099776K
  class space    used 7867K, capacity 8264K, committed 8368K, reserved 1048576K

